<?xml version="1.0" encoding="UTF-8"?>
<testsuites name="Test1" time="25.715" tests="1" failures="0" errors="0">
   <testsuite name="Test1" tests="1" failures="0" errors="0" time="25.715" skipped="0" timestamp="2022-10-10 17:02:56" hostname="mrowell - 10.10.61.1" id="Test Suites/Test1">
      <properties>
         <property name="deviceName" value=""/>
         <property name="devicePlatform" value=""/>
         <property name="logFolder" value="/Users/mrowell/Documents/SOURCE/WTM/silver-robot-katalon-test/Reports/20221010_170244/Test1/20221010_170245"/>
         <property name="logFiles" value="/Users/mrowell/Documents/SOURCE/WTM/silver-robot-katalon-test/Reports/20221010_170244/Test1/20221010_170245/execution0.log"/>
         <property name="attachments" value=""/>
         <property name="hostName" value="mrowell - 10.10.61.1"/>
         <property name="os" value="Mac OS X 64bit"/>
         <property name="katalonVersion" value="8.5.1.208"/>
         <property name="browser" value="Chrome 106.0.0.0"/>
         <property name="hostAddress" value="10.10.61.1"/>
         <property name="sessionId" value="8bbe8f0e87ab555852d5a9d355551dc6"/>
         <property name="seleniumVersion" value="3.141.59"/>
         <property name="proxyInformation" value="ProxyInformation { proxyOption=NO_PROXY, proxyServerType=HTTP, username=, password=********, proxyServerAddress=, proxyServerPort=0, executionList=&quot;&quot;, isApplyToDesiredCapabilities=true }"/>
         <property name="platform" value="Mac OS X"/>
      </properties>
      <testcase name="Test Cases/NewTestCase" time="25.275" classname="Test Cases/NewTestCase" status="PASSED">
         <system-out><![CDATA[2022-10-10 17:02:56 - [TEST_CASE][PASSED] - Test Cases/NewTestCase: Test Cases/NewTestCase

2022-10-10 17:02:57 - [TEST_STEP][PASSED] - openBrowser(""): Browser is opened with url: ''

2022-10-10 17:02:57 - [MESSAGE][INFO] - Starting 'Chrome' driver

2022-10-10 17:02:57 - [MESSAGE][INFO] - Action delay is set to 0 milliseconds

2022-10-10 17:03:03 - [MESSAGE][PASSED] - Browser is opened with url: ''

2022-10-10 17:03:03 - [TEST_STEP][PASSED] - navigateToUrl("https://ifconfig.me"): Navigate to 'https://ifconfig.me' successfully

2022-10-10 17:03:05 - [MESSAGE][PASSED] - Navigate to 'https://ifconfig.me' successfully

2022-10-10 17:03:05 - [TEST_STEP][PASSED] - delay(5): Delayed 5 second(s)

2022-10-10 17:03:10 - [MESSAGE][PASSED] - Delayed 5 second(s)

2022-10-10 17:03:10 - [TEST_STEP][PASSED] - navigateToUrl("https://www.google.com"): Navigate to 'https://www.google.com' successfully

2022-10-10 17:03:16 - [MESSAGE][PASSED] - Navigate to 'https://www.google.com' successfully

2022-10-10 17:03:16 - [TEST_STEP][PASSED] - delay(5): Delayed 5 second(s)

2022-10-10 17:03:21 - [MESSAGE][PASSED] - Delayed 5 second(s)

2022-10-10 17:03:21 - [TEST_STEP][PASSED] - closeBrowser(): Browser is closed

2022-10-10 17:03:21 - [MESSAGE][PASSED] - Browser is closed]]></system-out>
         <system-err><![CDATA[]]></system-err>
      </testcase>
      <system-out><![CDATA[2022-10-10 17:02:56 - [TEST_SUITE][PASSED] - Test1: Test Cases/NewTestCase]]></system-out>
      <system-err><![CDATA[]]></system-err>
   </testsuite>
</testsuites>
